Determining if the pthread_create exist failed with the following output:
Change Dir: /home/users/fri/Desktop/angle_ws/build/darknet_ros_msgs/CMakeFiles/CMakeTmp

Run Build Command:"/usr/bin/make" "cmTC_c14ff/fast"
/usr/bin/make -f CMakeFiles/cmTC_c14ff.dir/build.make CMakeFiles/cmTC_c14ff.dir/build
make[1]: Entering directory '/home/users/fri/Desktop/angle_ws/build/darknet_ros_msgs/CMakeFiles/CMakeTmp'
Building C object CMakeFiles/cmTC_c14ff.dir/CheckSymbolExists.c.o
/usr/bin/cc     -o CMakeFiles/cmTC_c14ff.dir/CheckSymbolExists.c.o   -c /home/users/fri/Desktop/angle_ws/build/darknet_ros_msgs/CMakeFiles/CMakeTmp/CheckSymbolExists.c
Linking C executable cmTC_c14ff
/usr/bin/cmake -E cmake_link_script CMakeFiles/cmTC_c14ff.dir/link.txt --verbose=1
/usr/bin/cc       CMakeFiles/cmTC_c14ff.dir/CheckSymbolExists.c.o  -o cmTC_c14ff -rdynamic 
CMakeFiles/cmTC_c14ff.dir/CheckSymbolExists.c.o: In function `main':
CheckSymbolExists.c:(.text+0x16): undefined reference to `pthread_create'
collect2: error: ld returned 1 exit status
CMakeFiles/cmTC_c14ff.dir/build.make:97: recipe for target 'cmTC_c14ff' failed
make[1]: *** [cmTC_c14ff] Error 1
make[1]: Leaving directory '/home/users/fri/Desktop/angle_ws/build/darknet_ros_msgs/CMakeFiles/CMakeTmp'
Makefile:126: recipe for target 'cmTC_c14ff/fast' failed
make: *** [cmTC_c14ff/fast] Error 2

File /home/users/fri/Desktop/angle_ws/build/darknet_ros_msgs/CMakeFiles/CMakeTmp/CheckSymbolExists.c:
/* */
#include <pthread.h>

int main(int argc, char** argv)
{
  (void)argv;
#ifndef pthread_create
  return ((int*)(&pthread_create))[argc];
#else
  (void)argc;
  return 0;
#endif
}

Determining if the function pthread_create exists in the pthreads failed with the following output:
Change Dir: /home/users/fri/Desktop/angle_ws/build/darknet_ros_msgs/CMakeFiles/CMakeTmp

Run Build Command:"/usr/bin/make" "cmTC_02d6e/fast"
/usr/bin/make -f CMakeFiles/cmTC_02d6e.dir/build.make CMakeFiles/cmTC_02d6e.dir/build
make[1]: Entering directory '/home/users/fri/Desktop/angle_ws/build/darknet_ros_msgs/CMakeFiles/CMakeTmp'
Building C object CMakeFiles/cmTC_02d6e.dir/CheckFunctionExists.c.o
/usr/bin/cc    -DCHECK_FUNCTION_EXISTS=pthread_create   -o CMakeFiles/cmTC_02d6e.dir/CheckFunctionExists.c.o   -c /usr/share/cmake-3.5/Modules/CheckFunctionExists.c
Linking C executable cmTC_02d6e
/usr/bin/cmake -E cmake_link_script CMakeFiles/cmTC_02d6e.dir/link.txt --verbose=1
/usr/bin/cc   -DCHECK_FUNCTION_EXISTS=pthread_create    CMakeFiles/cmTC_02d6e.dir/CheckFunctionExists.c.o  -o cmTC_02d6e -rdynamic -lpthreads 
/usr/bin/ld: cannot find -lpthreads
collect2: error: ld returned 1 exit status
CMakeFiles/cmTC_02d6e.dir/build.make:97: recipe for target 'cmTC_02d6e' failed
make[1]: *** [cmTC_02d6e] Error 1
make[1]: Leaving directory '/home/users/fri/Desktop/angle_ws/build/darknet_ros_msgs/CMakeFiles/CMakeTmp'
Makefile:126: recipe for target 'cmTC_02d6e/fast' failed
make: *** [cmTC_02d6e/fast] Error 2


